{"/Users/dhlima/Documents/Pessoal/rocketseat/nivel_3/appgobarber/src/components/Button/index.tsx": {"path":"/Users/dhlima/Documents/Pessoal/rocketseat/nivel_3/appgobarber/src/components/Button/index.tsx","statementMap":{"0":{"start":{"line":9,"column":38},"end":{"line":15,"column":1}},"1":{"start":{"line":10,"column":2},"end":{"line":14,"column":4}}},"fnMap":{"0":{"name":"(anonymous_0)","decl":{"start":{"line":9,"column":38},"end":{"line":9,"column":39}},"loc":{"start":{"line":9,"column":65},"end":{"line":15,"column":1}},"line":9}},"branchMap":{},"s":{"0":1,"1":1},"f":{"0":1},"b":{},"_coverageSchema":"43e27e138ebf9cfc5966b082cf9a028302ed4184","hash":"37b66675dcdf7c5488ace4d6f6c73d434cfaf16a"}
,"/Users/dhlima/Documents/Pessoal/rocketseat/nivel_3/appgobarber/src/components/Button/styles.tsx": {"path":"/Users/dhlima/Documents/Pessoal/rocketseat/nivel_3/appgobarber/src/components/Button/styles.tsx","statementMap":{"0":{"start":{"line":4,"column":25},"end":{"line":11,"column":1}},"1":{"start":{"line":13,"column":26},"end":{"line":17,"column":1}}},"fnMap":{},"branchMap":{},"s":{"0":1,"1":1},"f":{},"b":{},"_coverageSchema":"43e27e138ebf9cfc5966b082cf9a028302ed4184","hash":"7499c639660d60155aef1a1e2e9b40efba00f4e0"}
,"/Users/dhlima/Documents/Pessoal/rocketseat/nivel_3/appgobarber/src/components/Input/index.tsx": {"path":"/Users/dhlima/Documents/Pessoal/rocketseat/nivel_3/appgobarber/src/components/Input/index.tsx","statementMap":{"0":{"start":{"line":28,"column":66},"end":{"line":92,"column":1}},"1":{"start":{"line":32,"column":65},"end":{"line":32,"column":79}},"2":{"start":{"line":33,"column":24},"end":{"line":33,"column":77}},"3":{"start":{"line":34,"column":26},"end":{"line":34,"column":43}},"4":{"start":{"line":36,"column":36},"end":{"line":36,"column":51}},"5":{"start":{"line":37,"column":34},"end":{"line":37,"column":49}},"6":{"start":{"line":39,"column":2},"end":{"line":43,"column":6}},"7":{"start":{"line":39,"column":34},"end":{"line":43,"column":3}},"8":{"start":{"line":41,"column":6},"end":{"line":41,"column":38}},"9":{"start":{"line":45,"column":2},"end":{"line":59,"column":33}},"10":{"start":{"line":46,"column":4},"end":{"line":58,"column":7}},"11":{"start":{"line":51,"column":8},"end":{"line":51,"column":44}},"12":{"start":{"line":52,"column":8},"end":{"line":52,"column":64}},"13":{"start":{"line":55,"column":8},"end":{"line":55,"column":41}},"14":{"start":{"line":56,"column":8},"end":{"line":56,"column":40}},"15":{"start":{"line":61,"column":27},"end":{"line":63,"column":8}},"16":{"start":{"line":62,"column":4},"end":{"line":62,"column":23}},"17":{"start":{"line":65,"column":26},"end":{"line":68,"column":8}},"18":{"start":{"line":66,"column":4},"end":{"line":66,"column":24}},"19":{"start":{"line":67,"column":4},"end":{"line":67,"column":47}},"20":{"start":{"line":70,"column":2},"end":{"line":91,"column":4}},"21":{"start":{"line":85,"column":10},"end":{"line":85,"column":46}},"22":{"start":{"line":86,"column":10},"end":{"line":86,"column":29}}},"fnMap":{"0":{"name":"(anonymous_0)","decl":{"start":{"line":28,"column":66},"end":{"line":28,"column":67}},"loc":{"start":{"line":31,"column":5},"end":{"line":92,"column":1}},"line":31},"1":{"name":"(anonymous_1)","decl":{"start":{"line":39,"column":27},"end":{"line":39,"column":28}},"loc":{"start":{"line":39,"column":34},"end":{"line":43,"column":3}},"line":39},"2":{"name":"(anonymous_2)","decl":{"start":{"line":40,"column":4},"end":{"line":40,"column":5}},"loc":{"start":{"line":40,"column":12},"end":{"line":42,"column":5}},"line":40},"3":{"name":"(anonymous_3)","decl":{"start":{"line":45,"column":12},"end":{"line":45,"column":13}},"loc":{"start":{"line":45,"column":18},"end":{"line":59,"column":3}},"line":45},"4":{"name":"(anonymous_4)","decl":{"start":{"line":50,"column":6},"end":{"line":50,"column":7}},"loc":{"start":{"line":50,"column":32},"end":{"line":53,"column":7}},"line":50},"5":{"name":"(anonymous_5)","decl":{"start":{"line":54,"column":6},"end":{"line":54,"column":7}},"loc":{"start":{"line":54,"column":19},"end":{"line":57,"column":7}},"line":54},"6":{"name":"(anonymous_6)","decl":{"start":{"line":61,"column":39},"end":{"line":61,"column":40}},"loc":{"start":{"line":61,"column":45},"end":{"line":63,"column":3}},"line":61},"7":{"name":"(anonymous_7)","decl":{"start":{"line":65,"column":38},"end":{"line":65,"column":39}},"loc":{"start":{"line":65,"column":44},"end":{"line":68,"column":3}},"line":65},"8":{"name":"(anonymous_8)","decl":{"start":{"line":84,"column":22},"end":{"line":84,"column":23}},"loc":{"start":{"line":84,"column":31},"end":{"line":87,"column":9}},"line":84}},"branchMap":{"0":{"loc":{"start":{"line":29,"column":16},"end":{"line":29,"column":33}},"type":"default-arg","locations":[{"start":{"line":29,"column":31},"end":{"line":29,"column":33}}],"line":29},"1":{"loc":{"start":{"line":32,"column":25},"end":{"line":32,"column":42}},"type":"default-arg","locations":[{"start":{"line":32,"column":40},"end":{"line":32,"column":42}}],"line":32},"2":{"loc":{"start":{"line":75,"column":15},"end":{"line":75,"column":60}},"type":"cond-expr","locations":[{"start":{"line":75,"column":39},"end":{"line":75,"column":48}},{"start":{"line":75,"column":51},"end":{"line":75,"column":60}}],"line":75},"3":{"loc":{"start":{"line":75,"column":15},"end":{"line":75,"column":36}},"type":"binary-expr","locations":[{"start":{"line":75,"column":15},"end":{"line":75,"column":24}},{"start":{"line":75,"column":28},"end":{"line":75,"column":36}}],"line":75}},"s":{"0":1,"1":2,"2":2,"3":2,"4":2,"5":2,"6":2,"7":1,"8":0,"9":2,"10":2,"11":0,"12":0,"13":0,"14":0,"15":2,"16":0,"17":2,"18":0,"19":0,"20":2,"21":0,"22":0},"f":{"0":2,"1":1,"2":0,"3":2,"4":0,"5":0,"6":0,"7":0,"8":0},"b":{"0":[2],"1":[2],"2":[0,2],"3":[2,2]},"_coverageSchema":"43e27e138ebf9cfc5966b082cf9a028302ed4184","hash":"93515e055805eae246888a1eb49e1ba045168837"}
,"/Users/dhlima/Documents/Pessoal/rocketseat/nivel_3/appgobarber/src/components/Input/styles.tsx": {"path":"/Users/dhlima/Documents/Pessoal/rocketseat/nivel_3/appgobarber/src/components/Input/styles.tsx","statementMap":{"0":{"start":{"line":9,"column":25},"end":{"line":33,"column":1}},"1":{"start":{"line":23,"column":4},"end":{"line":26,"column":5}},"2":{"start":{"line":29,"column":4},"end":{"line":32,"column":5}},"3":{"start":{"line":35,"column":25},"end":{"line":40,"column":1}},"4":{"start":{"line":42,"column":20},"end":{"line":44,"column":1}}},"fnMap":{"0":{"name":"(anonymous_0)","decl":{"start":{"line":22,"column":4},"end":{"line":22,"column":5}},"loc":{"start":{"line":23,"column":4},"end":{"line":26,"column":5}},"line":23},"1":{"name":"(anonymous_1)","decl":{"start":{"line":28,"column":4},"end":{"line":28,"column":5}},"loc":{"start":{"line":29,"column":4},"end":{"line":32,"column":5}},"line":29}},"branchMap":{"0":{"loc":{"start":{"line":23,"column":4},"end":{"line":26,"column":5}},"type":"binary-expr","locations":[{"start":{"line":23,"column":4},"end":{"line":23,"column":19}},{"start":{"line":24,"column":4},"end":{"line":26,"column":5}}],"line":23},"1":{"loc":{"start":{"line":29,"column":4},"end":{"line":32,"column":5}},"type":"binary-expr","locations":[{"start":{"line":29,"column":4},"end":{"line":29,"column":19}},{"start":{"line":30,"column":4},"end":{"line":32,"column":5}}],"line":29}},"s":{"0":1,"1":2,"2":2,"3":1,"4":1},"f":{"0":2,"1":2},"b":{"0":[2,0],"1":[2,0]},"_coverageSchema":"43e27e138ebf9cfc5966b082cf9a028302ed4184","hash":"d24ff5966eb2a1ac0b3bc37493c44c391519b674"}
,"/Users/dhlima/Documents/Pessoal/rocketseat/nivel_3/appgobarber/src/hooks/auth.tsx": {"path":"/Users/dhlima/Documents/Pessoal/rocketseat/nivel_3/appgobarber/src/hooks/auth.tsx","statementMap":{"0":{"start":{"line":36,"column":20},"end":{"line":36,"column":73}},"1":{"start":{"line":38,"column":31},"end":{"line":91,"column":1}},"2":{"start":{"line":39,"column":26},"end":{"line":39,"column":62}},"3":{"start":{"line":40,"column":32},"end":{"line":40,"column":46}},"4":{"start":{"line":42,"column":2},"end":{"line":57,"column":9}},"5":{"start":{"line":44,"column":28},"end":{"line":47,"column":8}},"6":{"start":{"line":49,"column":6},"end":{"line":52,"column":7}},"7":{"start":{"line":50,"column":8},"end":{"line":50,"column":66}},"8":{"start":{"line":51,"column":8},"end":{"line":51,"column":64}},"9":{"start":{"line":53,"column":6},"end":{"line":53,"column":24}},"10":{"start":{"line":56,"column":4},"end":{"line":56,"column":22}},"11":{"start":{"line":59,"column":17},"end":{"line":70,"column":8}},"12":{"start":{"line":60,"column":21},"end":{"line":60,"column":68}},"13":{"start":{"line":62,"column":28},"end":{"line":62,"column":41}},"14":{"start":{"line":64,"column":4},"end":{"line":67,"column":7}},"15":{"start":{"line":68,"column":4},"end":{"line":68,"column":59}},"16":{"start":{"line":69,"column":4},"end":{"line":69,"column":29}},"17":{"start":{"line":72,"column":18},"end":{"line":76,"column":8}},"18":{"start":{"line":73,"column":4},"end":{"line":73,"column":74}},"19":{"start":{"line":75,"column":4},"end":{"line":75,"column":29}},"20":{"start":{"line":78,"column":21},"end":{"line":84,"column":3}},"21":{"start":{"line":80,"column":6},"end":{"line":80,"column":73}},"22":{"start":{"line":81,"column":6},"end":{"line":81,"column":43}},"23":{"start":{"line":86,"column":2},"end":{"line":90,"column":4}},"24":{"start":{"line":95,"column":16},"end":{"line":101,"column":1}},"25":{"start":{"line":96,"column":18},"end":{"line":96,"column":41}},"26":{"start":{"line":97,"column":2},"end":{"line":99,"column":3}},"27":{"start":{"line":98,"column":4},"end":{"line":98,"column":67}},"28":{"start":{"line":100,"column":2},"end":{"line":100,"column":17}}},"fnMap":{"0":{"name":"(anonymous_0)","decl":{"start":{"line":38,"column":31},"end":{"line":38,"column":32}},"loc":{"start":{"line":38,"column":49},"end":{"line":91,"column":1}},"line":38},"1":{"name":"(anonymous_1)","decl":{"start":{"line":42,"column":12},"end":{"line":42,"column":13}},"loc":{"start":{"line":42,"column":18},"end":{"line":57,"column":3}},"line":42},"2":{"name":"loadStorageData","decl":{"start":{"line":43,"column":19},"end":{"line":43,"column":34}},"loc":{"start":{"line":43,"column":52},"end":{"line":54,"column":5}},"line":43},"3":{"name":"(anonymous_3)","decl":{"start":{"line":59,"column":29},"end":{"line":59,"column":30}},"loc":{"start":{"line":59,"column":60},"end":{"line":70,"column":3}},"line":59},"4":{"name":"(anonymous_4)","decl":{"start":{"line":72,"column":30},"end":{"line":72,"column":31}},"loc":{"start":{"line":72,"column":42},"end":{"line":76,"column":3}},"line":72},"5":{"name":"(anonymous_5)","decl":{"start":{"line":79,"column":4},"end":{"line":79,"column":5}},"loc":{"start":{"line":79,"column":25},"end":{"line":82,"column":5}},"line":79},"6":{"name":"(anonymous_6)","decl":{"start":{"line":95,"column":16},"end":{"line":95,"column":17}},"loc":{"start":{"line":95,"column":39},"end":{"line":101,"column":1}},"line":95}},"branchMap":{"0":{"loc":{"start":{"line":49,"column":6},"end":{"line":52,"column":7}},"type":"if","locations":[{"start":{"line":49,"column":6},"end":{"line":52,"column":7}},{"start":{"line":49,"column":6},"end":{"line":52,"column":7}}],"line":49},"1":{"loc":{"start":{"line":49,"column":10},"end":{"line":49,"column":29}},"type":"binary-expr","locations":[{"start":{"line":49,"column":10},"end":{"line":49,"column":18}},{"start":{"line":49,"column":22},"end":{"line":49,"column":29}}],"line":49},"2":{"loc":{"start":{"line":97,"column":2},"end":{"line":99,"column":3}},"type":"if","locations":[{"start":{"line":97,"column":2},"end":{"line":99,"column":3}},{"start":{"line":97,"column":2},"end":{"line":99,"column":3}}],"line":97}},"s":{"0":1,"1":1,"2":0,"3":0,"4":0,"5":0,"6":0,"7":0,"8":0,"9":0,"10":0,"11":0,"12":0,"13":0,"14":0,"15":0,"16":0,"17":0,"18":0,"19":0,"20":0,"21":0,"22":0,"23":0,"24":1,"25":1,"26":1,"27":0,"28":1},"f":{"0":0,"1":0,"2":0,"3":0,"4":0,"5":0,"6":1},"b":{"0":[0,0],"1":[0,0],"2":[0,1]},"_coverageSchema":"43e27e138ebf9cfc5966b082cf9a028302ed4184","hash":"daec25e307f28f35fa2aac93c34f4c8ec947c5c6"}
,"/Users/dhlima/Documents/Pessoal/rocketseat/nivel_3/appgobarber/src/pages/AppointmentsCreated/index.tsx": {"path":"/Users/dhlima/Documents/Pessoal/rocketseat/nivel_3/appgobarber/src/pages/AppointmentsCreated/index.tsx","statementMap":{"0":{"start":{"line":12,"column":38},"end":{"line":46,"column":1}},"1":{"start":{"line":13,"column":19},"end":{"line":13,"column":34}},"2":{"start":{"line":14,"column":19},"end":{"line":14,"column":29}},"3":{"start":{"line":15,"column":22},"end":{"line":15,"column":43}},"4":{"start":{"line":16,"column":26},"end":{"line":24,"column":3}},"5":{"start":{"line":18,"column":6},"end":{"line":21,"column":8}},"6":{"start":{"line":26,"column":24},"end":{"line":33,"column":24}},"7":{"start":{"line":27,"column":4},"end":{"line":32,"column":6}},"8":{"start":{"line":35,"column":2},"end":{"line":45,"column":3}}},"fnMap":{"0":{"name":"(anonymous_0)","decl":{"start":{"line":12,"column":38},"end":{"line":12,"column":39}},"loc":{"start":{"line":12,"column":42},"end":{"line":46,"column":1}},"line":12},"1":{"name":"(anonymous_1)","decl":{"start":{"line":17,"column":4},"end":{"line":17,"column":5}},"loc":{"start":{"line":17,"column":10},"end":{"line":22,"column":5}},"line":17},"2":{"name":"(anonymous_2)","decl":{"start":{"line":26,"column":32},"end":{"line":26,"column":33}},"loc":{"start":{"line":26,"column":38},"end":{"line":33,"column":3}},"line":26}},"branchMap":{},"s":{"0":0,"1":0,"2":0,"3":0,"4":0,"5":0,"6":0,"7":0,"8":0},"f":{"0":0,"1":0,"2":0},"b":{},"hash":"d0040837997e9957ffbef256f7e770177807967a"}
,"/Users/dhlima/Documents/Pessoal/rocketseat/nivel_3/appgobarber/src/pages/CreateAppointments/index.tsx": {"path":"/Users/dhlima/Documents/Pessoal/rocketseat/nivel_3/appgobarber/src/pages/CreateAppointments/index.tsx","statementMap":{"0":{"start":{"line":25,"column":37},"end":{"line":199,"column":1}},"1":{"start":{"line":27,"column":19},"end":{"line":27,"column":28}},"2":{"start":{"line":28,"column":16},"end":{"line":28,"column":26}},"3":{"start":{"line":29,"column":31},"end":{"line":29,"column":46}},"4":{"start":{"line":31,"column":22},"end":{"line":31,"column":49}},"5":{"start":{"line":33,"column":36},"end":{"line":33,"column":60}},"6":{"start":{"line":34,"column":50},"end":{"line":34,"column":82}},"7":{"start":{"line":35,"column":46},"end":{"line":35,"column":61}},"8":{"start":{"line":36,"column":42},"end":{"line":36,"column":62}},"9":{"start":{"line":37,"column":42},"end":{"line":37,"column":53}},"10":{"start":{"line":38,"column":42},"end":{"line":38,"column":74}},"11":{"start":{"line":41,"column":23},"end":{"line":41,"column":62}},"12":{"start":{"line":41,"column":42},"end":{"line":41,"column":50}},"13":{"start":{"line":42,"column":33},"end":{"line":42,"column":89}},"14":{"start":{"line":42,"column":51},"end":{"line":42,"column":85}},"15":{"start":{"line":42,"column":78},"end":{"line":42,"column":84}},"16":{"start":{"line":44,"column":31},"end":{"line":46,"column":27}},"17":{"start":{"line":45,"column":4},"end":{"line":45,"column":35}},"18":{"start":{"line":48,"column":27},"end":{"line":51,"column":7}},"19":{"start":{"line":49,"column":4},"end":{"line":49,"column":58}},"20":{"start":{"line":50,"column":4},"end":{"line":50,"column":34}},"21":{"start":{"line":53,"column":27},"end":{"line":55,"column":7}},"22":{"start":{"line":54,"column":4},"end":{"line":54,"column":25}},"23":{"start":{"line":57,"column":34},"end":{"line":72,"column":62}},"24":{"start":{"line":58,"column":4},"end":{"line":71,"column":5}},"25":{"start":{"line":59,"column":19},"end":{"line":59,"column":41}},"26":{"start":{"line":61,"column":6},"end":{"line":61,"column":34}},"27":{"start":{"line":62,"column":6},"end":{"line":62,"column":25}},"28":{"start":{"line":64,"column":6},"end":{"line":67,"column":8}},"29":{"start":{"line":68,"column":6},"end":{"line":68,"column":63}},"30":{"start":{"line":70,"column":6},"end":{"line":70,"column":113}},"31":{"start":{"line":74,"column":30},"end":{"line":83,"column":20}},"32":{"start":{"line":75,"column":4},"end":{"line":82,"column":10}},"33":{"start":{"line":76,"column":26},"end":{"line":76,"column":35}},"34":{"start":{"line":77,"column":37},"end":{"line":81,"column":11}},"35":{"start":{"line":85,"column":32},"end":{"line":94,"column":20}},"36":{"start":{"line":86,"column":4},"end":{"line":93,"column":10}},"37":{"start":{"line":87,"column":26},"end":{"line":87,"column":36}},"38":{"start":{"line":88,"column":37},"end":{"line":92,"column":11}},"39":{"start":{"line":96,"column":2},"end":{"line":100,"column":8}},"40":{"start":{"line":97,"column":4},"end":{"line":99,"column":6}},"41":{"start":{"line":98,"column":6},"end":{"line":98,"column":34}},"42":{"start":{"line":102,"column":2},"end":{"line":112,"column":38}},"43":{"start":{"line":103,"column":4},"end":{"line":111,"column":6}},"44":{"start":{"line":109,"column":6},"end":{"line":109,"column":24}},"45":{"start":{"line":110,"column":6},"end":{"line":110,"column":36}},"46":{"start":{"line":114,"column":2},"end":{"line":198,"column":3}},"47":{"start":{"line":129,"column":38},"end":{"line":129,"column":49}},"48":{"start":{"line":131,"column":14},"end":{"line":134,"column":34}},"49":{"start":{"line":131,"column":90},"end":{"line":131,"column":123}},"50":{"start":{"line":160,"column":18},"end":{"line":168,"column":25}},"51":{"start":{"line":165,"column":35},"end":{"line":165,"column":57}},"52":{"start":{"line":179,"column":18},"end":{"line":187,"column":25}},"53":{"start":{"line":184,"column":35},"end":{"line":184,"column":57}}},"fnMap":{"0":{"name":"(anonymous_0)","decl":{"start":{"line":25,"column":37},"end":{"line":25,"column":38}},"loc":{"start":{"line":25,"column":42},"end":{"line":199,"column":1}},"line":25},"1":{"name":"(anonymous_1)","decl":{"start":{"line":41,"column":35},"end":{"line":41,"column":36}},"loc":{"start":{"line":41,"column":41},"end":{"line":41,"column":51}},"line":41},"2":{"name":"(anonymous_2)","decl":{"start":{"line":42,"column":45},"end":{"line":42,"column":46}},"loc":{"start":{"line":42,"column":51},"end":{"line":42,"column":85}},"line":42},"3":{"name":"(anonymous_3)","decl":{"start":{"line":42,"column":69},"end":{"line":42,"column":70}},"loc":{"start":{"line":42,"column":78},"end":{"line":42,"column":84}},"line":42},"4":{"name":"(anonymous_4)","decl":{"start":{"line":44,"column":43},"end":{"line":44,"column":44}},"loc":{"start":{"line":44,"column":57},"end":{"line":46,"column":3}},"line":44},"5":{"name":"(anonymous_5)","decl":{"start":{"line":48,"column":39},"end":{"line":48,"column":40}},"loc":{"start":{"line":48,"column":77},"end":{"line":51,"column":3}},"line":48},"6":{"name":"(anonymous_6)","decl":{"start":{"line":53,"column":39},"end":{"line":53,"column":40}},"loc":{"start":{"line":53,"column":55},"end":{"line":55,"column":3}},"line":53},"7":{"name":"(anonymous_7)","decl":{"start":{"line":57,"column":46},"end":{"line":57,"column":47}},"loc":{"start":{"line":57,"column":55},"end":{"line":72,"column":3}},"line":57},"8":{"name":"(anonymous_8)","decl":{"start":{"line":74,"column":38},"end":{"line":74,"column":39}},"loc":{"start":{"line":74,"column":44},"end":{"line":83,"column":3}},"line":74},"9":{"name":"(anonymous_9)","decl":{"start":{"line":76,"column":14},"end":{"line":76,"column":15}},"loc":{"start":{"line":76,"column":26},"end":{"line":76,"column":35}},"line":76},"10":{"name":"(anonymous_10)","decl":{"start":{"line":77,"column":13},"end":{"line":77,"column":14}},"loc":{"start":{"line":77,"column":37},"end":{"line":81,"column":11}},"line":77},"11":{"name":"(anonymous_11)","decl":{"start":{"line":85,"column":40},"end":{"line":85,"column":41}},"loc":{"start":{"line":85,"column":46},"end":{"line":94,"column":3}},"line":85},"12":{"name":"(anonymous_12)","decl":{"start":{"line":87,"column":14},"end":{"line":87,"column":15}},"loc":{"start":{"line":87,"column":26},"end":{"line":87,"column":36}},"line":87},"13":{"name":"(anonymous_13)","decl":{"start":{"line":88,"column":13},"end":{"line":88,"column":14}},"loc":{"start":{"line":88,"column":37},"end":{"line":92,"column":11}},"line":88},"14":{"name":"(anonymous_14)","decl":{"start":{"line":96,"column":12},"end":{"line":96,"column":13}},"loc":{"start":{"line":96,"column":18},"end":{"line":100,"column":3}},"line":96},"15":{"name":"(anonymous_15)","decl":{"start":{"line":97,"column":30},"end":{"line":97,"column":31}},"loc":{"start":{"line":97,"column":40},"end":{"line":99,"column":5}},"line":97},"16":{"name":"(anonymous_16)","decl":{"start":{"line":102,"column":12},"end":{"line":102,"column":13}},"loc":{"start":{"line":102,"column":18},"end":{"line":112,"column":3}},"line":102},"17":{"name":"(anonymous_17)","decl":{"start":{"line":108,"column":13},"end":{"line":108,"column":14}},"loc":{"start":{"line":108,"column":25},"end":{"line":111,"column":5}},"line":108},"18":{"name":"(anonymous_18)","decl":{"start":{"line":129,"column":26},"end":{"line":129,"column":27}},"loc":{"start":{"line":129,"column":38},"end":{"line":129,"column":49}},"line":129},"19":{"name":"(anonymous_19)","decl":{"start":{"line":130,"column":24},"end":{"line":130,"column":25}},"loc":{"start":{"line":131,"column":14},"end":{"line":134,"column":34}},"line":131},"20":{"name":"(anonymous_20)","decl":{"start":{"line":131,"column":86},"end":{"line":131,"column":87}},"loc":{"start":{"line":131,"column":90},"end":{"line":131,"column":123}},"line":131},"21":{"name":"(anonymous_21)","decl":{"start":{"line":159,"column":40},"end":{"line":159,"column":41}},"loc":{"start":{"line":160,"column":18},"end":{"line":168,"column":25}},"line":160},"22":{"name":"(anonymous_22)","decl":{"start":{"line":165,"column":29},"end":{"line":165,"column":30}},"loc":{"start":{"line":165,"column":35},"end":{"line":165,"column":57}},"line":165},"23":{"name":"(anonymous_23)","decl":{"start":{"line":178,"column":42},"end":{"line":178,"column":43}},"loc":{"start":{"line":179,"column":18},"end":{"line":187,"column":25}},"line":179},"24":{"name":"(anonymous_24)","decl":{"start":{"line":184,"column":29},"end":{"line":184,"column":30}},"loc":{"start":{"line":184,"column":35},"end":{"line":184,"column":57}},"line":184}},"branchMap":{"0":{"loc":{"start":{"line":49,"column":4},"end":{"line":49,"column":58}},"type":"binary-expr","locations":[{"start":{"line":49,"column":5},"end":{"line":49,"column":29}},{"start":{"line":49,"column":34},"end":{"line":49,"column":58}}],"line":49},"1":{"loc":{"start":{"line":50,"column":4},"end":{"line":50,"column":33}},"type":"binary-expr","locations":[{"start":{"line":50,"column":4},"end":{"line":50,"column":8}},{"start":{"line":50,"column":12},"end":{"line":50,"column":33}}],"line":50},"2":{"loc":{"start":{"line":143,"column":12},"end":{"line":150,"column":11}},"type":"binary-expr","locations":[{"start":{"line":143,"column":12},"end":{"line":143,"column":26}},{"start":{"line":144,"column":12},"end":{"line":149,"column":16}}],"line":143}},"s":{"0":0,"1":0,"2":0,"3":0,"4":0,"5":0,"6":0,"7":0,"8":0,"9":0,"10":0,"11":0,"12":0,"13":0,"14":0,"15":0,"16":0,"17":0,"18":0,"19":0,"20":0,"21":0,"22":0,"23":0,"24":0,"25":0,"26":0,"27":0,"28":0,"29":0,"30":0,"31":0,"32":0,"33":0,"34":0,"35":0,"36":0,"37":0,"38":0,"39":0,"40":0,"41":0,"42":0,"43":0,"44":0,"45":0,"46":0,"47":0,"48":0,"49":0,"50":0,"51":0,"52":0,"53":0},"f":{"0":0,"1":0,"2":0,"3":0,"4":0,"5":0,"6":0,"7":0,"8":0,"9":0,"10":0,"11":0,"12":0,"13":0,"14":0,"15":0,"16":0,"17":0,"18":0,"19":0,"20":0,"21":0,"22":0,"23":0,"24":0},"b":{"0":[0,0],"1":[0,0],"2":[0,0]},"hash":"b188206c0110268c562a3b08530b5cf6c7ede45c"}
,"/Users/dhlima/Documents/Pessoal/rocketseat/nivel_3/appgobarber/src/pages/Dashboard/index.tsx": {"path":"/Users/dhlima/Documents/Pessoal/rocketseat/nivel_3/appgobarber/src/pages/Dashboard/index.tsx","statementMap":{"0":{"start":{"line":27,"column":28},"end":{"line":90,"column":1}},"1":{"start":{"line":28,"column":36},"end":{"line":28,"column":60}},"2":{"start":{"line":30,"column":28},"end":{"line":30,"column":37}},"3":{"start":{"line":31,"column":21},"end":{"line":31,"column":36}},"4":{"start":{"line":33,"column":2},"end":{"line":38,"column":8}},"5":{"start":{"line":34,"column":4},"end":{"line":37,"column":44}},"6":{"start":{"line":35,"column":6},"end":{"line":35,"column":44}},"7":{"start":{"line":36,"column":6},"end":{"line":36,"column":34}},"8":{"start":{"line":37,"column":19},"end":{"line":37,"column":43}},"9":{"start":{"line":40,"column":28},"end":{"line":44,"column":3}},"10":{"start":{"line":41,"column":6},"end":{"line":41,"column":26}},"11":{"start":{"line":46,"column":39},"end":{"line":50,"column":3}},"12":{"start":{"line":48,"column":6},"end":{"line":48,"column":50}},"13":{"start":{"line":52,"column":2},"end":{"line":89,"column":4}},"14":{"start":{"line":68,"column":34},"end":{"line":68,"column":45}},"15":{"start":{"line":70,"column":10},"end":{"line":85,"column":30}},"16":{"start":{"line":70,"column":43},"end":{"line":70,"column":84}}},"fnMap":{"0":{"name":"(anonymous_0)","decl":{"start":{"line":27,"column":28},"end":{"line":27,"column":29}},"loc":{"start":{"line":27,"column":34},"end":{"line":90,"column":1}},"line":27},"1":{"name":"(anonymous_1)","decl":{"start":{"line":33,"column":12},"end":{"line":33,"column":13}},"loc":{"start":{"line":33,"column":18},"end":{"line":38,"column":3}},"line":33},"2":{"name":"(anonymous_2)","decl":{"start":{"line":34,"column":31},"end":{"line":34,"column":32}},"loc":{"start":{"line":34,"column":43},"end":{"line":37,"column":5}},"line":34},"3":{"name":"(anonymous_3)","decl":{"start":{"line":37,"column":13},"end":{"line":37,"column":14}},"loc":{"start":{"line":37,"column":19},"end":{"line":37,"column":43}},"line":37},"4":{"name":"(anonymous_4)","decl":{"start":{"line":40,"column":40},"end":{"line":40,"column":41}},"loc":{"start":{"line":40,"column":46},"end":{"line":42,"column":5}},"line":40},"5":{"name":"(anonymous_5)","decl":{"start":{"line":47,"column":4},"end":{"line":47,"column":5}},"loc":{"start":{"line":47,"column":28},"end":{"line":49,"column":5}},"line":47},"6":{"name":"(anonymous_6)","decl":{"start":{"line":68,"column":22},"end":{"line":68,"column":23}},"loc":{"start":{"line":68,"column":34},"end":{"line":68,"column":45}},"line":68},"7":{"name":"(anonymous_7)","decl":{"start":{"line":69,"column":20},"end":{"line":69,"column":21}},"loc":{"start":{"line":70,"column":10},"end":{"line":85,"column":30}},"line":70},"8":{"name":"(anonymous_8)","decl":{"start":{"line":70,"column":38},"end":{"line":70,"column":39}},"loc":{"start":{"line":70,"column":42},"end":{"line":70,"column":85}},"line":70}},"branchMap":{},"s":{"0":0,"1":0,"2":0,"3":0,"4":0,"5":0,"6":0,"7":0,"8":0,"9":0,"10":0,"11":0,"12":0,"13":0,"14":0,"15":0,"16":0},"f":{"0":0,"1":0,"2":0,"3":0,"4":0,"5":0,"6":0,"7":0,"8":0},"b":{},"hash":"08bff7cb93793d4b4973adf1fad274717a18e0c1"}
,"/Users/dhlima/Documents/Pessoal/rocketseat/nivel_3/appgobarber/src/pages/Profile/index.tsx": {"path":"/Users/dhlima/Documents/Pessoal/rocketseat/nivel_3/appgobarber/src/pages/Profile/index.tsx","statementMap":{"0":{"start":{"line":44,"column":26},"end":{"line":258,"column":1}},"1":{"start":{"line":45,"column":31},"end":{"line":45,"column":40}},"2":{"start":{"line":46,"column":18},"end":{"line":46,"column":43}},"3":{"start":{"line":47,"column":24},"end":{"line":47,"column":47}},"4":{"start":{"line":48,"column":27},"end":{"line":48,"column":50}},"5":{"start":{"line":49,"column":30},"end":{"line":49,"column":53}},"6":{"start":{"line":50,"column":34},"end":{"line":50,"column":57}},"7":{"start":{"line":51,"column":21},"end":{"line":51,"column":36}},"8":{"start":{"line":53,"column":23},"end":{"line":120,"column":3}},"9":{"start":{"line":55,"column":6},"end":{"line":117,"column":7}},"10":{"start":{"line":56,"column":8},"end":{"line":56,"column":39}},"11":{"start":{"line":57,"column":23},"end":{"line":75,"column":10}},"12":{"start":{"line":64,"column":23},"end":{"line":64,"column":35}},"13":{"start":{"line":70,"column":25},"end":{"line":70,"column":37}},"14":{"start":{"line":76,"column":8},"end":{"line":76,"column":59}},"15":{"start":{"line":84,"column":12},"end":{"line":84,"column":16}},"16":{"start":{"line":86,"column":25},"end":{"line":96,"column":9}},"17":{"start":{"line":98,"column":25},"end":{"line":98,"column":60}},"18":{"start":{"line":100,"column":8},"end":{"line":100,"column":34}},"19":{"start":{"line":102,"column":8},"end":{"line":105,"column":10}},"20":{"start":{"line":106,"column":8},"end":{"line":106,"column":28}},"21":{"start":{"line":108,"column":8},"end":{"line":112,"column":9}},"22":{"start":{"line":109,"column":23},"end":{"line":109,"column":45}},"23":{"start":{"line":110,"column":10},"end":{"line":110,"column":43}},"24":{"start":{"line":111,"column":10},"end":{"line":111,"column":17}},"25":{"start":{"line":113,"column":8},"end":{"line":116,"column":10}},"26":{"start":{"line":122,"column":23},"end":{"line":122,"column":77}},"27":{"start":{"line":122,"column":41},"end":{"line":122,"column":60}},"28":{"start":{"line":124,"column":29},"end":{"line":162,"column":26}},"29":{"start":{"line":125,"column":4},"end":{"line":161,"column":5}},"30":{"start":{"line":133,"column":8},"end":{"line":135,"column":9}},"31":{"start":{"line":134,"column":10},"end":{"line":134,"column":17}},"32":{"start":{"line":137,"column":8},"end":{"line":140,"column":9}},"33":{"start":{"line":138,"column":10},"end":{"line":138,"column":54}},"34":{"start":{"line":139,"column":10},"end":{"line":139,"column":17}},"35":{"start":{"line":141,"column":40},"end":{"line":146,"column":9}},"36":{"start":{"line":148,"column":23},"end":{"line":148,"column":74}},"37":{"start":{"line":150,"column":20},"end":{"line":150,"column":34}},"38":{"start":{"line":151,"column":7},"end":{"line":155,"column":10}},"39":{"start":{"line":157,"column":7},"end":{"line":159,"column":9}},"40":{"start":{"line":158,"column":9},"end":{"line":158,"column":35}},"41":{"start":{"line":163,"column":2},"end":{"line":257,"column":4}},"42":{"start":{"line":192,"column":18},"end":{"line":192,"column":49}},"43":{"start":{"line":205,"column":18},"end":{"line":205,"column":55}},"44":{"start":{"line":218,"column":18},"end":{"line":218,"column":52}},"45":{"start":{"line":230,"column":18},"end":{"line":230,"column":59}},"46":{"start":{"line":242,"column":18},"end":{"line":242,"column":48}},"47":{"start":{"line":247,"column":18},"end":{"line":247,"column":48}}},"fnMap":{"0":{"name":"(anonymous_0)","decl":{"start":{"line":44,"column":26},"end":{"line":44,"column":27}},"loc":{"start":{"line":44,"column":32},"end":{"line":258,"column":1}},"line":44},"1":{"name":"(anonymous_1)","decl":{"start":{"line":54,"column":4},"end":{"line":54,"column":5}},"loc":{"start":{"line":54,"column":37},"end":{"line":118,"column":5}},"line":54},"2":{"name":"(anonymous_2)","decl":{"start":{"line":64,"column":16},"end":{"line":64,"column":17}},"loc":{"start":{"line":64,"column":23},"end":{"line":64,"column":35}},"line":64},"3":{"name":"(anonymous_3)","decl":{"start":{"line":70,"column":18},"end":{"line":70,"column":19}},"loc":{"start":{"line":70,"column":25},"end":{"line":70,"column":37}},"line":70},"4":{"name":"(anonymous_4)","decl":{"start":{"line":122,"column":35},"end":{"line":122,"column":36}},"loc":{"start":{"line":122,"column":39},"end":{"line":122,"column":62}},"line":122},"5":{"name":"(anonymous_5)","decl":{"start":{"line":124,"column":41},"end":{"line":124,"column":42}},"loc":{"start":{"line":124,"column":45},"end":{"line":162,"column":3}},"line":124},"6":{"name":"(anonymous_6)","decl":{"start":{"line":132,"column":6},"end":{"line":132,"column":7}},"loc":{"start":{"line":132,"column":26},"end":{"line":160,"column":7}},"line":132},"7":{"name":"(anonymous_7)","decl":{"start":{"line":157,"column":44},"end":{"line":157,"column":45}},"loc":{"start":{"line":157,"column":55},"end":{"line":159,"column":8}},"line":157},"8":{"name":"(anonymous_8)","decl":{"start":{"line":191,"column":33},"end":{"line":191,"column":34}},"loc":{"start":{"line":191,"column":39},"end":{"line":193,"column":17}},"line":191},"9":{"name":"(anonymous_9)","decl":{"start":{"line":204,"column":33},"end":{"line":204,"column":34}},"loc":{"start":{"line":204,"column":39},"end":{"line":206,"column":17}},"line":204},"10":{"name":"(anonymous_10)","decl":{"start":{"line":217,"column":33},"end":{"line":217,"column":34}},"loc":{"start":{"line":217,"column":39},"end":{"line":219,"column":17}},"line":217},"11":{"name":"(anonymous_11)","decl":{"start":{"line":229,"column":33},"end":{"line":229,"column":34}},"loc":{"start":{"line":229,"column":39},"end":{"line":231,"column":17}},"line":229},"12":{"name":"(anonymous_12)","decl":{"start":{"line":241,"column":33},"end":{"line":241,"column":34}},"loc":{"start":{"line":241,"column":39},"end":{"line":243,"column":17}},"line":241},"13":{"name":"(anonymous_13)","decl":{"start":{"line":246,"column":25},"end":{"line":246,"column":26}},"loc":{"start":{"line":246,"column":31},"end":{"line":248,"column":17}},"line":246}},"branchMap":{"0":{"loc":{"start":{"line":89,"column":14},"end":{"line":95,"column":16}},"type":"cond-expr","locations":[{"start":{"line":90,"column":14},"end":{"line":94,"column":15}},{"start":{"line":95,"column":14},"end":{"line":95,"column":16}}],"line":89},"1":{"loc":{"start":{"line":108,"column":8},"end":{"line":112,"column":9}},"type":"if","locations":[{"start":{"line":108,"column":8},"end":{"line":112,"column":9}},{"start":{"line":108,"column":8},"end":{"line":112,"column":9}}],"line":108},"2":{"loc":{"start":{"line":133,"column":8},"end":{"line":135,"column":9}},"type":"if","locations":[{"start":{"line":133,"column":8},"end":{"line":135,"column":9}},{"start":{"line":133,"column":8},"end":{"line":135,"column":9}}],"line":133},"3":{"loc":{"start":{"line":137,"column":8},"end":{"line":140,"column":9}},"type":"if","locations":[{"start":{"line":137,"column":8},"end":{"line":140,"column":9}},{"start":{"line":137,"column":8},"end":{"line":140,"column":9}}],"line":137},"4":{"loc":{"start":{"line":167,"column":18},"end":{"line":167,"column":63}},"type":"cond-expr","locations":[{"start":{"line":167,"column":42},"end":{"line":167,"column":51}},{"start":{"line":167,"column":54},"end":{"line":167,"column":63}}],"line":167}},"s":{"0":0,"1":0,"2":0,"3":0,"4":0,"5":0,"6":0,"7":0,"8":0,"9":0,"10":0,"11":0,"12":0,"13":0,"14":0,"15":0,"16":0,"17":0,"18":0,"19":0,"20":0,"21":0,"22":0,"23":0,"24":0,"25":0,"26":0,"27":0,"28":0,"29":0,"30":0,"31":0,"32":0,"33":0,"34":0,"35":0,"36":0,"37":0,"38":0,"39":0,"40":0,"41":0,"42":0,"43":0,"44":0,"45":0,"46":0,"47":0},"f":{"0":0,"1":0,"2":0,"3":0,"4":0,"5":0,"6":0,"7":0,"8":0,"9":0,"10":0,"11":0,"12":0,"13":0},"b":{"0":[0,0],"1":[0,0],"2":[0,0],"3":[0,0],"4":[0,0]},"hash":"1fd57527fbc089566a0fa77d63a61d2004f4c9ab"}
,"/Users/dhlima/Documents/Pessoal/rocketseat/nivel_3/appgobarber/src/pages/SignIn/index.tsx": {"path":"/Users/dhlima/Documents/Pessoal/rocketseat/nivel_3/appgobarber/src/pages/SignIn/index.tsx","statementMap":{"0":{"start":{"line":39,"column":25},"end":{"line":133,"column":1}},"1":{"start":{"line":40,"column":21},"end":{"line":40,"column":36}},"2":{"start":{"line":41,"column":18},"end":{"line":41,"column":43}},"3":{"start":{"line":42,"column":27},"end":{"line":42,"column":50}},"4":{"start":{"line":43,"column":27},"end":{"line":43,"column":36}},"5":{"start":{"line":45,"column":23},"end":{"line":71,"column":8}},"6":{"start":{"line":46,"column":4},"end":{"line":70,"column":5}},"7":{"start":{"line":47,"column":6},"end":{"line":47,"column":37}},"8":{"start":{"line":48,"column":21},"end":{"line":53,"column":8}},"9":{"start":{"line":54,"column":6},"end":{"line":54,"column":57}},"10":{"start":{"line":56,"column":6},"end":{"line":59,"column":9}},"11":{"start":{"line":61,"column":6},"end":{"line":65,"column":7}},"12":{"start":{"line":62,"column":21},"end":{"line":62,"column":43}},"13":{"start":{"line":63,"column":8},"end":{"line":63,"column":41}},"14":{"start":{"line":64,"column":8},"end":{"line":64,"column":15}},"15":{"start":{"line":66,"column":6},"end":{"line":69,"column":8}},"16":{"start":{"line":73,"column":2},"end":{"line":132,"column":4}},"17":{"start":{"line":99,"column":18},"end":{"line":99,"column":52}},"18":{"start":{"line":110,"column":18},"end":{"line":110,"column":48}},"19":{"start":{"line":115,"column":18},"end":{"line":115,"column":48}},"20":{"start":{"line":125,"column":46},"end":{"line":125,"column":75}}},"fnMap":{"0":{"name":"(anonymous_0)","decl":{"start":{"line":39,"column":25},"end":{"line":39,"column":26}},"loc":{"start":{"line":39,"column":31},"end":{"line":133,"column":1}},"line":39},"1":{"name":"(anonymous_1)","decl":{"start":{"line":45,"column":35},"end":{"line":45,"column":36}},"loc":{"start":{"line":45,"column":67},"end":{"line":71,"column":3}},"line":45},"2":{"name":"(anonymous_2)","decl":{"start":{"line":98,"column":33},"end":{"line":98,"column":34}},"loc":{"start":{"line":98,"column":39},"end":{"line":100,"column":17}},"line":98},"3":{"name":"(anonymous_3)","decl":{"start":{"line":109,"column":33},"end":{"line":109,"column":34}},"loc":{"start":{"line":109,"column":39},"end":{"line":111,"column":17}},"line":109},"4":{"name":"(anonymous_4)","decl":{"start":{"line":114,"column":25},"end":{"line":114,"column":26}},"loc":{"start":{"line":114,"column":31},"end":{"line":116,"column":17}},"line":114},"5":{"name":"(anonymous_5)","decl":{"start":{"line":125,"column":40},"end":{"line":125,"column":41}},"loc":{"start":{"line":125,"column":46},"end":{"line":125,"column":75}},"line":125}},"branchMap":{"0":{"loc":{"start":{"line":61,"column":6},"end":{"line":65,"column":7}},"type":"if","locations":[{"start":{"line":61,"column":6},"end":{"line":65,"column":7}},{"start":{"line":61,"column":6},"end":{"line":65,"column":7}}],"line":61},"1":{"loc":{"start":{"line":77,"column":18},"end":{"line":77,"column":63}},"type":"cond-expr","locations":[{"start":{"line":77,"column":42},"end":{"line":77,"column":51}},{"start":{"line":77,"column":54},"end":{"line":77,"column":63}}],"line":77}},"s":{"0":1,"1":1,"2":1,"3":1,"4":1,"5":1,"6":0,"7":0,"8":0,"9":0,"10":0,"11":0,"12":0,"13":0,"14":0,"15":0,"16":1,"17":0,"18":0,"19":0,"20":0},"f":{"0":1,"1":0,"2":0,"3":0,"4":0,"5":0},"b":{"0":[0,0],"1":[1,0]},"_coverageSchema":"43e27e138ebf9cfc5966b082cf9a028302ed4184","hash":"17c2e2dc6b3b665d820d7865172890e87d753e65"}
,"/Users/dhlima/Documents/Pessoal/rocketseat/nivel_3/appgobarber/src/pages/SignIn/styles.tsx": {"path":"/Users/dhlima/Documents/Pessoal/rocketseat/nivel_3/appgobarber/src/pages/SignIn/styles.tsx","statementMap":{"0":{"start":{"line":5,"column":25},"end":{"line":10,"column":1}},"1":{"start":{"line":12,"column":21},"end":{"line":17,"column":1}},"2":{"start":{"line":19,"column":30},"end":{"line":21,"column":1}},"3":{"start":{"line":23,"column":34},"end":{"line":27,"column":1}},"4":{"start":{"line":29,"column":35},"end":{"line":42,"column":1}},"5":{"start":{"line":44,"column":39},"end":{"line":49,"column":1}}},"fnMap":{},"branchMap":{"0":{"loc":{"start":{"line":9,"column":20},"end":{"line":9,"column":56}},"type":"cond-expr","locations":[{"start":{"line":9,"column":48},"end":{"line":9,"column":51}},{"start":{"line":9,"column":54},"end":{"line":9,"column":56}}],"line":9}},"s":{"0":1,"1":1,"2":1,"3":1,"4":1,"5":1},"f":{},"b":{"0":[0,1]},"_coverageSchema":"43e27e138ebf9cfc5966b082cf9a028302ed4184","hash":"cb0865a35bd4ba4baff0c33324e1201fc1c96e6a"}
,"/Users/dhlima/Documents/Pessoal/rocketseat/nivel_3/appgobarber/src/pages/SignUp/index.tsx": {"path":"/Users/dhlima/Documents/Pessoal/rocketseat/nivel_3/appgobarber/src/pages/SignUp/index.tsx","statementMap":{"0":{"start":{"line":37,"column":25},"end":{"line":146,"column":1}},"1":{"start":{"line":38,"column":18},"end":{"line":38,"column":43}},"2":{"start":{"line":39,"column":24},"end":{"line":39,"column":47}},"3":{"start":{"line":40,"column":27},"end":{"line":40,"column":50}},"4":{"start":{"line":41,"column":21},"end":{"line":41,"column":36}},"5":{"start":{"line":43,"column":23},"end":{"line":75,"column":3}},"6":{"start":{"line":45,"column":6},"end":{"line":72,"column":7}},"7":{"start":{"line":46,"column":8},"end":{"line":46,"column":39}},"8":{"start":{"line":47,"column":23},"end":{"line":53,"column":10}},"9":{"start":{"line":54,"column":8},"end":{"line":54,"column":59}},"10":{"start":{"line":55,"column":8},"end":{"line":55,"column":39}},"11":{"start":{"line":57,"column":8},"end":{"line":60,"column":10}},"12":{"start":{"line":61,"column":8},"end":{"line":61,"column":28}},"13":{"start":{"line":63,"column":8},"end":{"line":67,"column":9}},"14":{"start":{"line":64,"column":23},"end":{"line":64,"column":45}},"15":{"start":{"line":65,"column":10},"end":{"line":65,"column":43}},"16":{"start":{"line":66,"column":10},"end":{"line":66,"column":17}},"17":{"start":{"line":68,"column":8},"end":{"line":71,"column":10}},"18":{"start":{"line":77,"column":2},"end":{"line":145,"column":4}},"19":{"start":{"line":101,"column":18},"end":{"line":101,"column":49}},"20":{"start":{"line":114,"column":18},"end":{"line":114,"column":52}},"21":{"start":{"line":126,"column":18},"end":{"line":126,"column":48}},"22":{"start":{"line":131,"column":18},"end":{"line":131,"column":48}},"23":{"start":{"line":138,"column":45},"end":{"line":138,"column":64}}},"fnMap":{"0":{"name":"(anonymous_0)","decl":{"start":{"line":37,"column":25},"end":{"line":37,"column":26}},"loc":{"start":{"line":37,"column":31},"end":{"line":146,"column":1}},"line":37},"1":{"name":"(anonymous_1)","decl":{"start":{"line":44,"column":4},"end":{"line":44,"column":5}},"loc":{"start":{"line":44,"column":36},"end":{"line":73,"column":5}},"line":44},"2":{"name":"(anonymous_2)","decl":{"start":{"line":100,"column":33},"end":{"line":100,"column":34}},"loc":{"start":{"line":100,"column":39},"end":{"line":102,"column":17}},"line":100},"3":{"name":"(anonymous_3)","decl":{"start":{"line":113,"column":33},"end":{"line":113,"column":34}},"loc":{"start":{"line":113,"column":39},"end":{"line":115,"column":17}},"line":113},"4":{"name":"(anonymous_4)","decl":{"start":{"line":125,"column":33},"end":{"line":125,"column":34}},"loc":{"start":{"line":125,"column":39},"end":{"line":127,"column":17}},"line":125},"5":{"name":"(anonymous_5)","decl":{"start":{"line":130,"column":25},"end":{"line":130,"column":26}},"loc":{"start":{"line":130,"column":31},"end":{"line":132,"column":17}},"line":130},"6":{"name":"(anonymous_6)","decl":{"start":{"line":138,"column":39},"end":{"line":138,"column":40}},"loc":{"start":{"line":138,"column":45},"end":{"line":138,"column":64}},"line":138}},"branchMap":{"0":{"loc":{"start":{"line":63,"column":8},"end":{"line":67,"column":9}},"type":"if","locations":[{"start":{"line":63,"column":8},"end":{"line":67,"column":9}},{"start":{"line":63,"column":8},"end":{"line":67,"column":9}}],"line":63},"1":{"loc":{"start":{"line":81,"column":18},"end":{"line":81,"column":63}},"type":"cond-expr","locations":[{"start":{"line":81,"column":42},"end":{"line":81,"column":51}},{"start":{"line":81,"column":54},"end":{"line":81,"column":63}}],"line":81}},"s":{"0":0,"1":0,"2":0,"3":0,"4":0,"5":0,"6":0,"7":0,"8":0,"9":0,"10":0,"11":0,"12":0,"13":0,"14":0,"15":0,"16":0,"17":0,"18":0,"19":0,"20":0,"21":0,"22":0,"23":0},"f":{"0":0,"1":0,"2":0,"3":0,"4":0,"5":0,"6":0},"b":{"0":[0,0],"1":[0,0]},"hash":"32fed655fe490732d743eed6678198fc4eec351a"}
,"/Users/dhlima/Documents/Pessoal/rocketseat/nivel_3/appgobarber/src/pages/SignUp/styles.tsx": {"path":"/Users/dhlima/Documents/Pessoal/rocketseat/nivel_3/appgobarber/src/pages/SignUp/styles.tsx","statementMap":{"0":{"start":{"line":5,"column":25},"end":{"line":10,"column":1}},"1":{"start":{"line":12,"column":21},"end":{"line":17,"column":1}},"2":{"start":{"line":19,"column":34},"end":{"line":32,"column":1}},"3":{"start":{"line":34,"column":38},"end":{"line":39,"column":1}}},"fnMap":{},"branchMap":{"0":{"loc":{"start":{"line":9,"column":20},"end":{"line":9,"column":56}},"type":"cond-expr","locations":[{"start":{"line":9,"column":48},"end":{"line":9,"column":51}},{"start":{"line":9,"column":54},"end":{"line":9,"column":56}}],"line":9}},"s":{"0":0,"1":0,"2":0,"3":0},"f":{},"b":{"0":[0,0]},"hash":"a0e5072939a4c95d0a3ded9730c2de8acaf5a1ef"}
}
